CRITICAL - 2024-07-19 14:10:13 --> Invalid file: "head.php"
in SYSTEMPATH\Exceptions\FrameworkException.php on line 33.
 1 SYSTEMPATH\View\View.php(201): CodeIgniter\Exceptions\FrameworkException::forInvalidFile('head.php')
 2 SYSTEMPATH\Common.php(1184): CodeIgniter\View\View->render('head.php', [], true)
 3 APPPATH\Controllers\Home.php(10): view('head.php', [...])
 4 SYSTEMPATH\CodeIgniter.php(934): App\Controllers\Home->index()
 5 SYSTEMPATH\CodeIgniter.php(499): CodeIgniter\CodeIgniter->runController(Object(App\Controllers\Home))
 6 SYSTEMPATH\CodeIgniter.php(368): CodeIgniter\CodeIgniter->handleRequest(null, Object(Config\Cache), false)
 7 FCPATH\index.php(67): CodeIgniter\CodeIgniter->run()
CRITICAL - 2024-07-19 14:10:13 --> Cannot use ::class with dynamic class name
【Previous Exception】
CodeIgniter\View\Exceptions\ViewException
Invalid file: "head.php"
#0 C:\xampp\htdocs\ProT3_44196005\system\View\View.php(201): CodeIgniter\Exceptions\FrameworkException::forInvalidFile('head.php')
#1 C:\xampp\htdocs\ProT3_44196005\system\Common.php(1184): CodeIgniter\View\View->render('head.php', Array, true)
#2 C:\xampp\htdocs\ProT3_44196005\app\Controllers\Home.php(10): view('head.php', Array)
#3 C:\xampp\htdocs\ProT3_44196005\system\CodeIgniter.php(934): App\Controllers\Home->index()
#4 C:\xampp\htdocs\ProT3_44196005\system\CodeIgniter.php(499): CodeIgniter\CodeIgniter->runController(Object(App\Controllers\Home))
#5 C:\xampp\htdocs\ProT3_44196005\system\CodeIgniter.php(368): CodeIgniter\CodeIgniter->handleRequest(NULL, Object(Config\Cache), false)
#6 C:\xampp\htdocs\ProT3_44196005\index.php(67): CodeIgniter\CodeIgniter->run()
#7 {main}
in APPPATH\Views\errors\html\error_exception.php on line 64.
 1 [internal function]: CodeIgniter\Debug\Exceptions->shutdownHandler()
CRITICAL - 2024-07-19 14:12:33 --> Invalid file: "head.php"
in SYSTEMPATH\Exceptions\FrameworkException.php on line 33.
 1 SYSTEMPATH\View\View.php(201): CodeIgniter\Exceptions\FrameworkException::forInvalidFile('head.php')
 2 SYSTEMPATH\Common.php(1184): CodeIgniter\View\View->render('head.php', [], true)
 3 APPPATH\Controllers\Home.php(10): view('head.php', [...])
 4 SYSTEMPATH\CodeIgniter.php(934): App\Controllers\Home->index()
 5 SYSTEMPATH\CodeIgniter.php(499): CodeIgniter\CodeIgniter->runController(Object(App\Controllers\Home))
 6 SYSTEMPATH\CodeIgniter.php(368): CodeIgniter\CodeIgniter->handleRequest(null, Object(Config\Cache), false)
 7 FCPATH\index.php(67): CodeIgniter\CodeIgniter->run()
CRITICAL - 2024-07-19 14:12:33 --> Cannot use ::class with dynamic class name
【Previous Exception】
CodeIgniter\View\Exceptions\ViewException
Invalid file: "head.php"
#0 C:\xampp\htdocs\ProT3_44196005\system\View\View.php(201): CodeIgniter\Exceptions\FrameworkException::forInvalidFile('head.php')
#1 C:\xampp\htdocs\ProT3_44196005\system\Common.php(1184): CodeIgniter\View\View->render('head.php', Array, true)
#2 C:\xampp\htdocs\ProT3_44196005\app\Controllers\Home.php(10): view('head.php', Array)
#3 C:\xampp\htdocs\ProT3_44196005\system\CodeIgniter.php(934): App\Controllers\Home->index()
#4 C:\xampp\htdocs\ProT3_44196005\system\CodeIgniter.php(499): CodeIgniter\CodeIgniter->runController(Object(App\Controllers\Home))
#5 C:\xampp\htdocs\ProT3_44196005\system\CodeIgniter.php(368): CodeIgniter\CodeIgniter->handleRequest(NULL, Object(Config\Cache), false)
#6 C:\xampp\htdocs\ProT3_44196005\index.php(67): CodeIgniter\CodeIgniter->run()
#7 {main}
in APPPATH\Views\errors\html\error_exception.php on line 64.
 1 [internal function]: CodeIgniter\Debug\Exceptions->shutdownHandler()
CRITICAL - 2024-07-19 14:12:35 --> Invalid file: "head.php"
in SYSTEMPATH\Exceptions\FrameworkException.php on line 33.
 1 SYSTEMPATH\View\View.php(201): CodeIgniter\Exceptions\FrameworkException::forInvalidFile('head.php')
 2 SYSTEMPATH\Common.php(1184): CodeIgniter\View\View->render('head.php', [], true)
 3 APPPATH\Controllers\Home.php(10): view('head.php', [...])
 4 SYSTEMPATH\CodeIgniter.php(934): App\Controllers\Home->index()
 5 SYSTEMPATH\CodeIgniter.php(499): CodeIgniter\CodeIgniter->runController(Object(App\Controllers\Home))
 6 SYSTEMPATH\CodeIgniter.php(368): CodeIgniter\CodeIgniter->handleRequest(null, Object(Config\Cache), false)
 7 FCPATH\index.php(67): CodeIgniter\CodeIgniter->run()
CRITICAL - 2024-07-19 14:12:35 --> Cannot use ::class with dynamic class name
【Previous Exception】
CodeIgniter\View\Exceptions\ViewException
Invalid file: "head.php"
#0 C:\xampp\htdocs\ProT3_44196005\system\View\View.php(201): CodeIgniter\Exceptions\FrameworkException::forInvalidFile('head.php')
#1 C:\xampp\htdocs\ProT3_44196005\system\Common.php(1184): CodeIgniter\View\View->render('head.php', Array, true)
#2 C:\xampp\htdocs\ProT3_44196005\app\Controllers\Home.php(10): view('head.php', Array)
#3 C:\xampp\htdocs\ProT3_44196005\system\CodeIgniter.php(934): App\Controllers\Home->index()
#4 C:\xampp\htdocs\ProT3_44196005\system\CodeIgniter.php(499): CodeIgniter\CodeIgniter->runController(Object(App\Controllers\Home))
#5 C:\xampp\htdocs\ProT3_44196005\system\CodeIgniter.php(368): CodeIgniter\CodeIgniter->handleRequest(NULL, Object(Config\Cache), false)
#6 C:\xampp\htdocs\ProT3_44196005\index.php(67): CodeIgniter\CodeIgniter->run()
#7 {main}
in APPPATH\Views\errors\html\error_exception.php on line 64.
 1 [internal function]: CodeIgniter\Debug\Exceptions->shutdownHandler()
CRITICAL - 2024-07-19 14:15:34 --> Invalid file: "head.php"
in SYSTEMPATH\Exceptions\FrameworkException.php on line 33.
 1 SYSTEMPATH\View\View.php(201): CodeIgniter\Exceptions\FrameworkException::forInvalidFile('head.php')
 2 SYSTEMPATH\Common.php(1184): CodeIgniter\View\View->render('head.php', [], true)
 3 APPPATH\Controllers\Home.php(10): view('head.php')
 4 SYSTEMPATH\CodeIgniter.php(934): App\Controllers\Home->index()
 5 SYSTEMPATH\CodeIgniter.php(499): CodeIgniter\CodeIgniter->runController(Object(App\Controllers\Home))
 6 SYSTEMPATH\CodeIgniter.php(368): CodeIgniter\CodeIgniter->handleRequest(null, Object(Config\Cache), false)
 7 FCPATH\index.php(67): CodeIgniter\CodeIgniter->run()
CRITICAL - 2024-07-19 14:15:34 --> Cannot use ::class with dynamic class name
【Previous Exception】
CodeIgniter\View\Exceptions\ViewException
Invalid file: "head.php"
#0 C:\xampp\htdocs\ProT3_44196005\system\View\View.php(201): CodeIgniter\Exceptions\FrameworkException::forInvalidFile('head.php')
#1 C:\xampp\htdocs\ProT3_44196005\system\Common.php(1184): CodeIgniter\View\View->render('head.php', Array, true)
#2 C:\xampp\htdocs\ProT3_44196005\app\Controllers\Home.php(10): view('head.php')
#3 C:\xampp\htdocs\ProT3_44196005\system\CodeIgniter.php(934): App\Controllers\Home->index()
#4 C:\xampp\htdocs\ProT3_44196005\system\CodeIgniter.php(499): CodeIgniter\CodeIgniter->runController(Object(App\Controllers\Home))
#5 C:\xampp\htdocs\ProT3_44196005\system\CodeIgniter.php(368): CodeIgniter\CodeIgniter->handleRequest(NULL, Object(Config\Cache), false)
#6 C:\xampp\htdocs\ProT3_44196005\index.php(67): CodeIgniter\CodeIgniter->run()
#7 {main}
in APPPATH\Views\errors\html\error_exception.php on line 64.
 1 [internal function]: CodeIgniter\Debug\Exceptions->shutdownHandler()
CRITICAL - 2024-07-19 14:15:35 --> Invalid file: "head.php"
in SYSTEMPATH\Exceptions\FrameworkException.php on line 33.
 1 SYSTEMPATH\View\View.php(201): CodeIgniter\Exceptions\FrameworkException::forInvalidFile('head.php')
 2 SYSTEMPATH\Common.php(1184): CodeIgniter\View\View->render('head.php', [], true)
 3 APPPATH\Controllers\Home.php(10): view('head.php')
 4 SYSTEMPATH\CodeIgniter.php(934): App\Controllers\Home->index()
 5 SYSTEMPATH\CodeIgniter.php(499): CodeIgniter\CodeIgniter->runController(Object(App\Controllers\Home))
 6 SYSTEMPATH\CodeIgniter.php(368): CodeIgniter\CodeIgniter->handleRequest(null, Object(Config\Cache), false)
 7 FCPATH\index.php(67): CodeIgniter\CodeIgniter->run()
CRITICAL - 2024-07-19 14:15:35 --> Cannot use ::class with dynamic class name
【Previous Exception】
CodeIgniter\View\Exceptions\ViewException
Invalid file: "head.php"
#0 C:\xampp\htdocs\ProT3_44196005\system\View\View.php(201): CodeIgniter\Exceptions\FrameworkException::forInvalidFile('head.php')
#1 C:\xampp\htdocs\ProT3_44196005\system\Common.php(1184): CodeIgniter\View\View->render('head.php', Array, true)
#2 C:\xampp\htdocs\ProT3_44196005\app\Controllers\Home.php(10): view('head.php')
#3 C:\xampp\htdocs\ProT3_44196005\system\CodeIgniter.php(934): App\Controllers\Home->index()
#4 C:\xampp\htdocs\ProT3_44196005\system\CodeIgniter.php(499): CodeIgniter\CodeIgniter->runController(Object(App\Controllers\Home))
#5 C:\xampp\htdocs\ProT3_44196005\system\CodeIgniter.php(368): CodeIgniter\CodeIgniter->handleRequest(NULL, Object(Config\Cache), false)
#6 C:\xampp\htdocs\ProT3_44196005\index.php(67): CodeIgniter\CodeIgniter->run()
#7 {main}
in APPPATH\Views\errors\html\error_exception.php on line 64.
 1 [internal function]: CodeIgniter\Debug\Exceptions->shutdownHandler()
CRITICAL - 2024-07-19 14:15:35 --> Invalid file: "head.php"
in SYSTEMPATH\Exceptions\FrameworkException.php on line 33.
 1 SYSTEMPATH\View\View.php(201): CodeIgniter\Exceptions\FrameworkException::forInvalidFile('head.php')
 2 SYSTEMPATH\Common.php(1184): CodeIgniter\View\View->render('head.php', [], true)
 3 APPPATH\Controllers\Home.php(10): view('head.php')
 4 SYSTEMPATH\CodeIgniter.php(934): App\Controllers\Home->index()
 5 SYSTEMPATH\CodeIgniter.php(499): CodeIgniter\CodeIgniter->runController(Object(App\Controllers\Home))
 6 SYSTEMPATH\CodeIgniter.php(368): CodeIgniter\CodeIgniter->handleRequest(null, Object(Config\Cache), false)
 7 FCPATH\index.php(67): CodeIgniter\CodeIgniter->run()
CRITICAL - 2024-07-19 14:15:35 --> Cannot use ::class with dynamic class name
【Previous Exception】
CodeIgniter\View\Exceptions\ViewException
Invalid file: "head.php"
#0 C:\xampp\htdocs\ProT3_44196005\system\View\View.php(201): CodeIgniter\Exceptions\FrameworkException::forInvalidFile('head.php')
#1 C:\xampp\htdocs\ProT3_44196005\system\Common.php(1184): CodeIgniter\View\View->render('head.php', Array, true)
#2 C:\xampp\htdocs\ProT3_44196005\app\Controllers\Home.php(10): view('head.php')
#3 C:\xampp\htdocs\ProT3_44196005\system\CodeIgniter.php(934): App\Controllers\Home->index()
#4 C:\xampp\htdocs\ProT3_44196005\system\CodeIgniter.php(499): CodeIgniter\CodeIgniter->runController(Object(App\Controllers\Home))
#5 C:\xampp\htdocs\ProT3_44196005\system\CodeIgniter.php(368): CodeIgniter\CodeIgniter->handleRequest(NULL, Object(Config\Cache), false)
#6 C:\xampp\htdocs\ProT3_44196005\index.php(67): CodeIgniter\CodeIgniter->run()
#7 {main}
in APPPATH\Views\errors\html\error_exception.php on line 64.
 1 [internal function]: CodeIgniter\Debug\Exceptions->shutdownHandler()
CRITICAL - 2024-07-19 14:23:49 --> Invalid file: "head.php"
in SYSTEMPATH\Exceptions\FrameworkException.php on line 33.
 1 SYSTEMPATH\View\View.php(201): CodeIgniter\Exceptions\FrameworkException::forInvalidFile('head.php')
 2 SYSTEMPATH\Common.php(1184): CodeIgniter\View\View->render('head.php', [], true)
 3 APPPATH\Controllers\Home.php(10): view('head.php')
 4 SYSTEMPATH\CodeIgniter.php(934): App\Controllers\Home->index()
 5 SYSTEMPATH\CodeIgniter.php(499): CodeIgniter\CodeIgniter->runController(Object(App\Controllers\Home))
 6 SYSTEMPATH\CodeIgniter.php(368): CodeIgniter\CodeIgniter->handleRequest(null, Object(Config\Cache), false)
 7 FCPATH\index.php(67): CodeIgniter\CodeIgniter->run()
CRITICAL - 2024-07-19 14:23:49 --> Cannot use ::class with dynamic class name
【Previous Exception】
CodeIgniter\View\Exceptions\ViewException
Invalid file: "head.php"
#0 C:\xampp\htdocs\ProT3_44196005\system\View\View.php(201): CodeIgniter\Exceptions\FrameworkException::forInvalidFile('head.php')
#1 C:\xampp\htdocs\ProT3_44196005\system\Common.php(1184): CodeIgniter\View\View->render('head.php', Array, true)
#2 C:\xampp\htdocs\ProT3_44196005\app\Controllers\Home.php(10): view('head.php')
#3 C:\xampp\htdocs\ProT3_44196005\system\CodeIgniter.php(934): App\Controllers\Home->index()
#4 C:\xampp\htdocs\ProT3_44196005\system\CodeIgniter.php(499): CodeIgniter\CodeIgniter->runController(Object(App\Controllers\Home))
#5 C:\xampp\htdocs\ProT3_44196005\system\CodeIgniter.php(368): CodeIgniter\CodeIgniter->handleRequest(NULL, Object(Config\Cache), false)
#6 C:\xampp\htdocs\ProT3_44196005\index.php(67): CodeIgniter\CodeIgniter->run()
#7 {main}
in APPPATH\Views\errors\html\error_exception.php on line 67.
 1 [internal function]: CodeIgniter\Debug\Exceptions->shutdownHandler()
CRITICAL - 2024-07-19 14:23:50 --> Invalid file: "head.php"
in SYSTEMPATH\Exceptions\FrameworkException.php on line 33.
 1 SYSTEMPATH\View\View.php(201): CodeIgniter\Exceptions\FrameworkException::forInvalidFile('head.php')
 2 SYSTEMPATH\Common.php(1184): CodeIgniter\View\View->render('head.php', [], true)
 3 APPPATH\Controllers\Home.php(10): view('head.php')
 4 SYSTEMPATH\CodeIgniter.php(934): App\Controllers\Home->index()
 5 SYSTEMPATH\CodeIgniter.php(499): CodeIgniter\CodeIgniter->runController(Object(App\Controllers\Home))
 6 SYSTEMPATH\CodeIgniter.php(368): CodeIgniter\CodeIgniter->handleRequest(null, Object(Config\Cache), false)
 7 FCPATH\index.php(67): CodeIgniter\CodeIgniter->run()
CRITICAL - 2024-07-19 14:23:50 --> Cannot use ::class with dynamic class name
【Previous Exception】
CodeIgniter\View\Exceptions\ViewException
Invalid file: "head.php"
#0 C:\xampp\htdocs\ProT3_44196005\system\View\View.php(201): CodeIgniter\Exceptions\FrameworkException::forInvalidFile('head.php')
#1 C:\xampp\htdocs\ProT3_44196005\system\Common.php(1184): CodeIgniter\View\View->render('head.php', Array, true)
#2 C:\xampp\htdocs\ProT3_44196005\app\Controllers\Home.php(10): view('head.php')
#3 C:\xampp\htdocs\ProT3_44196005\system\CodeIgniter.php(934): App\Controllers\Home->index()
#4 C:\xampp\htdocs\ProT3_44196005\system\CodeIgniter.php(499): CodeIgniter\CodeIgniter->runController(Object(App\Controllers\Home))
#5 C:\xampp\htdocs\ProT3_44196005\system\CodeIgniter.php(368): CodeIgniter\CodeIgniter->handleRequest(NULL, Object(Config\Cache), false)
#6 C:\xampp\htdocs\ProT3_44196005\index.php(67): CodeIgniter\CodeIgniter->run()
#7 {main}
in APPPATH\Views\errors\html\error_exception.php on line 67.
 1 [internal function]: CodeIgniter\Debug\Exceptions->shutdownHandler()
CRITICAL - 2024-07-19 14:24:21 --> Invalid file: "head.php"
in SYSTEMPATH\Exceptions\FrameworkException.php on line 33.
 1 SYSTEMPATH\View\View.php(201): CodeIgniter\Exceptions\FrameworkException::forInvalidFile('head.php')
 2 SYSTEMPATH\Common.php(1184): CodeIgniter\View\View->render('head.php', [], true)
 3 APPPATH\Controllers\Home.php(10): view('head.php')
 4 SYSTEMPATH\CodeIgniter.php(934): App\Controllers\Home->index()
 5 SYSTEMPATH\CodeIgniter.php(499): CodeIgniter\CodeIgniter->runController(Object(App\Controllers\Home))
 6 SYSTEMPATH\CodeIgniter.php(368): CodeIgniter\CodeIgniter->handleRequest(null, Object(Config\Cache), false)
 7 FCPATH\index.php(67): CodeIgniter\CodeIgniter->run()
CRITICAL - 2024-07-19 14:24:21 --> Cannot use ::class with dynamic class name
【Previous Exception】
CodeIgniter\View\Exceptions\ViewException
Invalid file: "head.php"
#0 C:\xampp\htdocs\ProT3_44196005\system\View\View.php(201): CodeIgniter\Exceptions\FrameworkException::forInvalidFile('head.php')
#1 C:\xampp\htdocs\ProT3_44196005\system\Common.php(1184): CodeIgniter\View\View->render('head.php', Array, true)
#2 C:\xampp\htdocs\ProT3_44196005\app\Controllers\Home.php(10): view('head.php')
#3 C:\xampp\htdocs\ProT3_44196005\system\CodeIgniter.php(934): App\Controllers\Home->index()
#4 C:\xampp\htdocs\ProT3_44196005\system\CodeIgniter.php(499): CodeIgniter\CodeIgniter->runController(Object(App\Controllers\Home))
#5 C:\xampp\htdocs\ProT3_44196005\system\CodeIgniter.php(368): CodeIgniter\CodeIgniter->handleRequest(NULL, Object(Config\Cache), false)
#6 C:\xampp\htdocs\ProT3_44196005\index.php(67): CodeIgniter\CodeIgniter->run()
#7 {main}
in APPPATH\Views\errors\html\error_exception.php on line 67.
 1 [internal function]: CodeIgniter\Debug\Exceptions->shutdownHandler()
CRITICAL - 2024-07-19 14:25:45 --> Invalid file: "head.php"
in SYSTEMPATH\Exceptions\FrameworkException.php on line 33.
 1 SYSTEMPATH\View\View.php(201): CodeIgniter\Exceptions\FrameworkException::forInvalidFile('head.php')
 2 SYSTEMPATH\Common.php(1184): CodeIgniter\View\View->render('head.php', [], true)
 3 APPPATH\Controllers\Home.php(10): view('head.php')
 4 SYSTEMPATH\CodeIgniter.php(934): App\Controllers\Home->index()
 5 SYSTEMPATH\CodeIgniter.php(499): CodeIgniter\CodeIgniter->runController(Object(App\Controllers\Home))
 6 SYSTEMPATH\CodeIgniter.php(368): CodeIgniter\CodeIgniter->handleRequest(null, Object(Config\Cache), false)
 7 FCPATH\index.php(67): CodeIgniter\CodeIgniter->run()
CRITICAL - 2024-07-19 14:31:39 --> Invalid file: "navbar.php"
in SYSTEMPATH\Exceptions\FrameworkException.php on line 33.
 1 SYSTEMPATH\View\View.php(201): CodeIgniter\Exceptions\FrameworkException::forInvalidFile('navbar.php')
 2 SYSTEMPATH\Common.php(1184): CodeIgniter\View\View->render('navbar.php', [], true)
 3 APPPATH\Controllers\Home.php(11): view('navbar.php')
 4 SYSTEMPATH\CodeIgniter.php(934): App\Controllers\Home->index()
 5 SYSTEMPATH\CodeIgniter.php(499): CodeIgniter\CodeIgniter->runController(Object(App\Controllers\Home))
 6 SYSTEMPATH\CodeIgniter.php(368): CodeIgniter\CodeIgniter->handleRequest(null, Object(Config\Cache), false)
 7 FCPATH\index.php(67): CodeIgniter\CodeIgniter->run()
