CRITICAL - 2024-05-22 00:24:59 --> syntax error, unexpected '<', expecting end of file
in APPPATH\Views\products.php on line 1.
 1 SYSTEMPATH\View\View.php(216): CodeIgniter\View\View->CodeIgniter\View\{closure}()
 2 SYSTEMPATH\Common.php(1184): CodeIgniter\View\View->render('products.php', [], true)
 3 APPPATH\Controllers\Home.php(46): view('products.php')
 4 SYSTEMPATH\CodeIgniter.php(934): App\Controllers\Home->products()
 5 SYSTEMPATH\CodeIgniter.php(499): CodeIgniter\CodeIgniter->runController(Object(App\Controllers\Home))
 6 SYSTEMPATH\CodeIgniter.php(368): CodeIgniter\CodeIgniter->handleRequest(null, Object(Config\Cache), false)
 7 FCPATH\index.php(67): CodeIgniter\CodeIgniter->run()
CRITICAL - 2024-05-22 14:52:19 --> syntax error, unexpected '<', expecting end of file
in APPPATH\Views\products.php on line 1.
 1 SYSTEMPATH\View\View.php(216): CodeIgniter\View\View->CodeIgniter\View\{closure}()
 2 SYSTEMPATH\Common.php(1184): CodeIgniter\View\View->render('products.php', [], true)
 3 APPPATH\Controllers\Home.php(46): view('products.php')
 4 SYSTEMPATH\CodeIgniter.php(934): App\Controllers\Home->products()
 5 SYSTEMPATH\CodeIgniter.php(499): CodeIgniter\CodeIgniter->runController(Object(App\Controllers\Home))
 6 SYSTEMPATH\CodeIgniter.php(368): CodeIgniter\CodeIgniter->handleRequest(null, Object(Config\Cache), false)
 7 FCPATH\index.php(67): CodeIgniter\CodeIgniter->run()
CRITICAL - 2024-05-22 14:56:28 --> syntax error, unexpected '<', expecting end of file
in APPPATH\Views\products.php on line 1.
 1 SYSTEMPATH\View\View.php(216): CodeIgniter\View\View->CodeIgniter\View\{closure}()
 2 SYSTEMPATH\Common.php(1184): CodeIgniter\View\View->render('products.php', [], true)
 3 APPPATH\Controllers\Home.php(46): view('products.php')
 4 SYSTEMPATH\CodeIgniter.php(934): App\Controllers\Home->products()
 5 SYSTEMPATH\CodeIgniter.php(499): CodeIgniter\CodeIgniter->runController(Object(App\Controllers\Home))
 6 SYSTEMPATH\CodeIgniter.php(368): CodeIgniter\CodeIgniter->handleRequest(null, Object(Config\Cache), false)
 7 FCPATH\index.php(67): CodeIgniter\CodeIgniter->run()
CRITICAL - 2024-05-22 15:40:44 --> syntax error, unexpected ';', expecting ']'
in APPPATH\Controllers\Product_controller.php on line 36.
 1 SYSTEMPATH\Autoloader\Autoloader.php(289): CodeIgniter\Autoloader\Autoloader->includeFile('APPPATH\\Controllers\\Product_controller.php')
 2 SYSTEMPATH\Autoloader\Autoloader.php(267): CodeIgniter\Autoloader\Autoloader->loadInNamespace('App\\Controllers\\Product_controller')
 3 [internal function]: CodeIgniter\Autoloader\Autoloader->loadClass('App\\Controllers\\Product_controller')
 4 [internal function]: spl_autoload_call('App\\Controllers\\Product_controller')
 5 SYSTEMPATH\CodeIgniter.php(892): class_exists('\\App\\Controllers\\Product_controller', true)
 6 SYSTEMPATH\CodeIgniter.php(486): CodeIgniter\CodeIgniter->startController()
 7 SYSTEMPATH\CodeIgniter.php(368): CodeIgniter\CodeIgniter->handleRequest(null, Object(Config\Cache), false)
 8 FCPATH\index.php(67): CodeIgniter\CodeIgniter->run()
CRITICAL - 2024-05-22 16:38:10 --> Invalid argument supplied for foreach()
in APPPATH\Views\products.php on line 29.
 1 APPPATH\Views\products.php(29): CodeIgniter\Debug\Exceptions->errorHandler(2, 'Invalid argument supplied for foreach()', 'APPPATH\\Views\\products.php', 29, [...])
 2 SYSTEMPATH\View\View.php(213): include('APPPATH\\Views\\products.php')
 3 SYSTEMPATH\View\View.php(216): CodeIgniter\View\View->CodeIgniter\View\{closure}()
 4 SYSTEMPATH\Common.php(1184): CodeIgniter\View\View->render('products', [], true)
 5 APPPATH\Controllers\Product_controller.php(50): view('products', [...])
 6 SYSTEMPATH\CodeIgniter.php(934): App\Controllers\Product_controller->cargar_producto()
 7 SYSTEMPATH\CodeIgniter.php(499): CodeIgniter\CodeIgniter->runController(Object(App\Controllers\Product_controller))
 8 SYSTEMPATH\CodeIgniter.php(368): CodeIgniter\CodeIgniter->handleRequest(null, Object(Config\Cache), false)
 9 FCPATH\index.php(67): CodeIgniter\CodeIgniter->run()
CRITICAL - 2024-05-22 16:49:03 --> Invalid argument supplied for foreach()
in APPPATH\Views\products.php on line 29.
 1 APPPATH\Views\products.php(29): CodeIgniter\Debug\Exceptions->errorHandler(2, 'Invalid argument supplied for foreach()', 'APPPATH\\Views\\products.php', 29, [...])
 2 SYSTEMPATH\View\View.php(213): include('APPPATH\\Views\\products.php')
 3 SYSTEMPATH\View\View.php(216): CodeIgniter\View\View->CodeIgniter\View\{closure}()
 4 SYSTEMPATH\Common.php(1184): CodeIgniter\View\View->render('products', [], true)
 5 APPPATH\Controllers\Product_controller.php(24): view('products', [...])
 6 SYSTEMPATH\CodeIgniter.php(934): App\Controllers\Product_controller->create()
 7 SYSTEMPATH\CodeIgniter.php(499): CodeIgniter\CodeIgniter->runController(Object(App\Controllers\Product_controller))
 8 SYSTEMPATH\CodeIgniter.php(368): CodeIgniter\CodeIgniter->handleRequest(null, Object(Config\Cache), false)
 9 FCPATH\index.php(67): CodeIgniter\CodeIgniter->run()
CRITICAL - 2024-05-22 16:51:23 --> Invalid argument supplied for foreach()
in APPPATH\Views\products.php on line 29.
 1 APPPATH\Views\products.php(29): CodeIgniter\Debug\Exceptions->errorHandler(2, 'Invalid argument supplied for foreach()', 'APPPATH\\Views\\products.php', 29, [...])
 2 SYSTEMPATH\View\View.php(213): include('APPPATH\\Views\\products.php')
 3 SYSTEMPATH\View\View.php(216): CodeIgniter\View\View->CodeIgniter\View\{closure}()
 4 SYSTEMPATH\Common.php(1184): CodeIgniter\View\View->render('products', [], true)
 5 APPPATH\Controllers\Product_controller.php(53): view('products', [...])
 6 SYSTEMPATH\CodeIgniter.php(934): App\Controllers\Product_controller->cargar_producto()
 7 SYSTEMPATH\CodeIgniter.php(499): CodeIgniter\CodeIgniter->runController(Object(App\Controllers\Product_controller))
 8 SYSTEMPATH\CodeIgniter.php(368): CodeIgniter\CodeIgniter->handleRequest(null, Object(Config\Cache), false)
 9 FCPATH\index.php(67): CodeIgniter\CodeIgniter->run()
CRITICAL - 2024-05-22 16:55:27 --> Invalid argument supplied for foreach()
in APPPATH\Views\products.php on line 29.
 1 APPPATH\Views\products.php(29): CodeIgniter\Debug\Exceptions->errorHandler(2, 'Invalid argument supplied for foreach()', 'APPPATH\\Views\\products.php', 29, [...])
 2 SYSTEMPATH\View\View.php(213): include('APPPATH\\Views\\products.php')
 3 SYSTEMPATH\View\View.php(216): CodeIgniter\View\View->CodeIgniter\View\{closure}()
 4 SYSTEMPATH\Common.php(1184): CodeIgniter\View\View->render('products', [], true)
 5 APPPATH\Controllers\Product_controller.php(58): view('products', [...])
 6 SYSTEMPATH\CodeIgniter.php(934): App\Controllers\Product_controller->cargar_producto()
 7 SYSTEMPATH\CodeIgniter.php(499): CodeIgniter\CodeIgniter->runController(Object(App\Controllers\Product_controller))
 8 SYSTEMPATH\CodeIgniter.php(368): CodeIgniter\CodeIgniter->handleRequest(null, Object(Config\Cache), false)
 9 FCPATH\index.php(67): CodeIgniter\CodeIgniter->run()
CRITICAL - 2024-05-22 17:06:33 --> Invalid argument supplied for foreach()
in APPPATH\Views\products.php on line 23.
 1 APPPATH\Views\products.php(23): CodeIgniter\Debug\Exceptions->errorHandler(2, 'Invalid argument supplied for foreach()', 'APPPATH\\Views\\products.php', 23, [...])
 2 SYSTEMPATH\View\View.php(213): include('APPPATH\\Views\\products.php')
 3 SYSTEMPATH\View\View.php(216): CodeIgniter\View\View->CodeIgniter\View\{closure}()
 4 SYSTEMPATH\Common.php(1184): CodeIgniter\View\View->render('products', [], true)
 5 APPPATH\Controllers\Product_controller.php(58): view('products', [...])
 6 SYSTEMPATH\CodeIgniter.php(934): App\Controllers\Product_controller->cargar_producto()
 7 SYSTEMPATH\CodeIgniter.php(499): CodeIgniter\CodeIgniter->runController(Object(App\Controllers\Product_controller))
 8 SYSTEMPATH\CodeIgniter.php(368): CodeIgniter\CodeIgniter->handleRequest(null, Object(Config\Cache), false)
 9 FCPATH\index.php(67): CodeIgniter\CodeIgniter->run()
CRITICAL - 2024-05-22 17:25:00 --> Invalid file: "http://localhost/proyecto_perez_santiago/Whey%20Protein%201000g.php"
in SYSTEMPATH\Exceptions\FrameworkException.php on line 33.
 1 SYSTEMPATH\View\View.php(201): CodeIgniter\Exceptions\FrameworkException::forInvalidFile('http://localhost/proyecto_perez_santiago/Whey%20Protein%201000g.php')
 2 SYSTEMPATH\Common.php(1184): CodeIgniter\View\View->render('http://localhost/proyecto_perez_santiago/Whey%20Protein%201000g', [], true)
 3 APPPATH\Views\products.php(61): view('http://localhost/proyecto_perez_santiago/Whey%20Protein%201000g')
 4 SYSTEMPATH\View\View.php(213): include('APPPATH\\Views\\products.php')
 5 SYSTEMPATH\View\View.php(216): CodeIgniter\View\View->CodeIgniter\View\{closure}()
 6 SYSTEMPATH\Common.php(1184): CodeIgniter\View\View->render('products', [], true)
 7 APPPATH\Controllers\Product_controller.php(27): view('products', [...])
 8 SYSTEMPATH\CodeIgniter.php(934): App\Controllers\Product_controller->create()
 9 SYSTEMPATH\CodeIgniter.php(499): CodeIgniter\CodeIgniter->runController(Object(App\Controllers\Product_controller))
10 SYSTEMPATH\CodeIgniter.php(368): CodeIgniter\CodeIgniter->handleRequest(null, Object(Config\Cache), false)
11 FCPATH\index.php(67): CodeIgniter\CodeIgniter->run()
CRITICAL - 2024-05-22 17:36:21 --> Call to undefined method App\Models\Categorias_model::getCategorias
in SYSTEMPATH\Model.php on line 842.
 1 APPPATH\Controllers\Product_controller.php(18): CodeIgniter\Model->__call('getCategorias', [])
 2 SYSTEMPATH\CodeIgniter.php(934): App\Controllers\Product_controller->create()
 3 SYSTEMPATH\CodeIgniter.php(499): CodeIgniter\CodeIgniter->runController(Object(App\Controllers\Product_controller))
 4 SYSTEMPATH\CodeIgniter.php(368): CodeIgniter\CodeIgniter->handleRequest(null, Object(Config\Cache), false)
 5 FCPATH\index.php(67): CodeIgniter\CodeIgniter->run()
CRITICAL - 2024-05-22 22:06:33 --> Use of undefined constant png - assumed 'png' (this will throw an Error in a future version of PHP)
in APPPATH\Views\products.php on line 61.
 1 APPPATH\Views\products.php(61): CodeIgniter\Debug\Exceptions->errorHandler(2, 'Use of undefined constant png - assumed \'png\' (this will throw an Error in a future version of PHP)', 'APPPATH\\Views\\products.php', 61, [...])
 2 SYSTEMPATH\View\View.php(213): include('APPPATH\\Views\\products.php')
 3 SYSTEMPATH\View\View.php(216): CodeIgniter\View\View->CodeIgniter\View\{closure}()
 4 SYSTEMPATH\Common.php(1184): CodeIgniter\View\View->render('products', [], true)
 5 APPPATH\Controllers\Product_controller.php(28): view('products', [...])
 6 SYSTEMPATH\CodeIgniter.php(934): App\Controllers\Product_controller->create()
 7 SYSTEMPATH\CodeIgniter.php(499): CodeIgniter\CodeIgniter->runController(Object(App\Controllers\Product_controller))
 8 SYSTEMPATH\CodeIgniter.php(368): CodeIgniter\CodeIgniter->handleRequest(null, Object(Config\Cache), false)
 9 FCPATH\index.php(67): CodeIgniter\CodeIgniter->run()
