CRITICAL - 2024-05-28 16:56:41 --> Call to a member function getRandomName() on null
in APPPATH\Controllers\Product_controller.php on line 73.
 1 SYSTEMPATH\CodeIgniter.php(934): App\Controllers\Product_controller->agregar_prod()
 2 SYSTEMPATH\CodeIgniter.php(499): CodeIgniter\CodeIgniter->runController(Object(App\Controllers\Product_controller))
 3 SYSTEMPATH\CodeIgniter.php(368): CodeIgniter\CodeIgniter->handleRequest(null, Object(Config\Cache), false)
 4 FCPATH\index.php(67): CodeIgniter\CodeIgniter->run()
CRITICAL - 2024-05-28 20:10:03 --> Call to a member function getRandomName() on null
in APPPATH\Controllers\Product_controller.php on line 74.
 1 SYSTEMPATH\CodeIgniter.php(934): App\Controllers\Product_controller->agregar_prod()
 2 SYSTEMPATH\CodeIgniter.php(499): CodeIgniter\CodeIgniter->runController(Object(App\Controllers\Product_controller))
 3 SYSTEMPATH\CodeIgniter.php(368): CodeIgniter\CodeIgniter->handleRequest(null, Object(Config\Cache), false)
 4 FCPATH\index.php(67): CodeIgniter\CodeIgniter->run()
CRITICAL - 2024-05-28 20:16:21 --> Call to a member function getRandomName() on null
in APPPATH\Controllers\Product_controller.php on line 74.
 1 SYSTEMPATH\CodeIgniter.php(934): App\Controllers\Product_controller->agregar_prod()
 2 SYSTEMPATH\CodeIgniter.php(499): CodeIgniter\CodeIgniter->runController(Object(App\Controllers\Product_controller))
 3 SYSTEMPATH\CodeIgniter.php(368): CodeIgniter\CodeIgniter->handleRequest(null, Object(Config\Cache), false)
 4 FCPATH\index.php(67): CodeIgniter\CodeIgniter->run()
CRITICAL - 2024-05-28 20:16:57 --> Call to a member function getRandomName() on null
in APPPATH\Controllers\Product_controller.php on line 74.
 1 SYSTEMPATH\CodeIgniter.php(934): App\Controllers\Product_controller->agregar_prod()
 2 SYSTEMPATH\CodeIgniter.php(499): CodeIgniter\CodeIgniter->runController(Object(App\Controllers\Product_controller))
 3 SYSTEMPATH\CodeIgniter.php(368): CodeIgniter\CodeIgniter->handleRequest(null, Object(Config\Cache), false)
 4 FCPATH\index.php(67): CodeIgniter\CodeIgniter->run()
CRITICAL - 2024-05-28 20:20:29 --> Call to a member function getRandomName() on null
in APPPATH\Controllers\Product_controller.php on line 75.
 1 SYSTEMPATH\CodeIgniter.php(934): App\Controllers\Product_controller->agregar_prod()
 2 SYSTEMPATH\CodeIgniter.php(499): CodeIgniter\CodeIgniter->runController(Object(App\Controllers\Product_controller))
 3 SYSTEMPATH\CodeIgniter.php(368): CodeIgniter\CodeIgniter->handleRequest(null, Object(Config\Cache), false)
 4 FCPATH\index.php(67): CodeIgniter\CodeIgniter->run()
CRITICAL - 2024-05-28 20:26:03 --> Call to a member function getRandomName() on null
in APPPATH\Controllers\Product_controller.php on line 75.
 1 SYSTEMPATH\CodeIgniter.php(934): App\Controllers\Product_controller->agregar_prod()
 2 SYSTEMPATH\CodeIgniter.php(499): CodeIgniter\CodeIgniter->runController(Object(App\Controllers\Product_controller))
 3 SYSTEMPATH\CodeIgniter.php(368): CodeIgniter\CodeIgniter->handleRequest(null, Object(Config\Cache), false)
 4 FCPATH\index.php(67): CodeIgniter\CodeIgniter->run()
CRITICAL - 2024-05-28 23:00:44 --> syntax error, unexpected '}'
in APPPATH\Controllers\Product_controller.php on line 104.
 1 SYSTEMPATH\Autoloader\Autoloader.php(289): CodeIgniter\Autoloader\Autoloader->includeFile('APPPATH\\Controllers\\Product_controller.php')
 2 SYSTEMPATH\Autoloader\Autoloader.php(267): CodeIgniter\Autoloader\Autoloader->loadInNamespace('App\\Controllers\\Product_controller')
 3 [internal function]: CodeIgniter\Autoloader\Autoloader->loadClass('App\\Controllers\\Product_controller')
 4 [internal function]: spl_autoload_call('App\\Controllers\\Product_controller')
 5 SYSTEMPATH\CodeIgniter.php(892): class_exists('\\App\\Controllers\\Product_controller', true)
 6 SYSTEMPATH\CodeIgniter.php(486): CodeIgniter\CodeIgniter->startController()
 7 SYSTEMPATH\CodeIgniter.php(368): CodeIgniter\CodeIgniter->handleRequest(null, Object(Config\Cache), false)
 8 FCPATH\index.php(67): CodeIgniter\CodeIgniter->run()
CRITICAL - 2024-05-28 23:17:22 --> Too few arguments to function App\Controllers\Product_controller::baja_prod(), 0 passed in C:\xampp\htdocs\proyecto_perez_santiago\system\CodeIgniter.php on line 934 and exactly 1 expected
in APPPATH\Controllers\Product_controller.php on line 101.
 1 SYSTEMPATH\CodeIgniter.php(934): App\Controllers\Product_controller->baja_prod()
 2 SYSTEMPATH\CodeIgniter.php(499): CodeIgniter\CodeIgniter->runController(Object(App\Controllers\Product_controller))
 3 SYSTEMPATH\CodeIgniter.php(368): CodeIgniter\CodeIgniter->handleRequest(null, Object(Config\Cache), false)
 4 FCPATH\index.php(67): CodeIgniter\CodeIgniter->run()
