ERROR - 2024-05-15 22:16:11 --> mysqli_sql_exception: Unknown column 'usuarios' in 'where clause' in C:\xampp\htdocs\proyecto_perez_santiago\system\Database\MySQLi\Connection.php:295
Stack trace:
#0 C:\xampp\htdocs\proyecto_perez_santiago\system\Database\MySQLi\Connection.php(295): mysqli->query('SELECT 1\nFROM `...', 0)
#1 C:\xampp\htdocs\proyecto_perez_santiago\system\Database\BaseConnection.php(691): CodeIgniter\Database\MySQLi\Connection->execute('SELECT 1\nFROM `...')
#2 C:\xampp\htdocs\proyecto_perez_santiago\system\Database\BaseConnection.php(605): CodeIgniter\Database\BaseConnection->simpleQuery('SELECT 1\nFROM `...')
#3 C:\xampp\htdocs\proyecto_perez_santiago\system\Database\BaseBuilder.php(1616): CodeIgniter\Database\BaseConnection->query('SELECT 1\nFROM `...', Array, false)
#4 C:\xampp\htdocs\proyecto_perez_santiago\system\Validation\StrictRules\Rules.php(206): CodeIgniter\Database\BaseBuilder->get()
#5 C:\xampp\htdocs\proyecto_perez_santiago\system\Validation\Validation.php(312): CodeIgniter\Validation\StrictRules\Rules->is_unique('eze_manda@yahoo...', 'usuarios', Array, NULL, 'email')
#6 C:\xampp\htdocs\proyecto_perez_santiago\system\Validation\Validation.php(170): CodeIgniter\Validation\Validation->processRules('email', 'email', 'eze_manda@yahoo...', Array, Array)
#7 C:\xampp\htdocs\proyecto_perez_santiago\system\Controller.php(140): CodeIgniter\Validation\Validation->run()
#8 C:\xampp\htdocs\proyecto_perez_santiago\app\Controllers\Usuario_controller.php(21): CodeIgniter\Controller->validate(Array)
#9 C:\xampp\htdocs\proyecto_perez_santiago\system\CodeIgniter.php(934): app\Controllers\Usuario_controller->formValidation()
#10 C:\xampp\htdocs\proyecto_perez_santiago\system\CodeIgniter.php(499): CodeIgniter\CodeIgniter->runController(Object(app\Controllers\Usuario_controller))
#11 C:\xampp\htdocs\proyecto_perez_santiago\system\CodeIgniter.php(368): CodeIgniter\CodeIgniter->handleRequest(NULL, Object(Config\Cache), false)
#12 C:\xampp\htdocs\proyecto_perez_santiago\index.php(67): CodeIgniter\CodeIgniter->run()
#13 {main}
CRITICAL - 2024-05-15 22:16:11 --> Unknown column 'usuarios' in 'where clause'
in SYSTEMPATH\Database\BaseConnection.php on line 645.
 1 SYSTEMPATH\Database\BaseBuilder.php(1616): CodeIgniter\Database\BaseConnection->query('SELECT 1
FROM `usuarios`
WHERE `usuarios` = :usuarios:
 LIMIT 1', [...], false)
 2 SYSTEMPATH\Validation\StrictRules\Rules.php(206): CodeIgniter\Database\BaseBuilder->get()
 3 SYSTEMPATH\Validation\Validation.php(312): CodeIgniter\Validation\StrictRules\Rules->is_unique('eze_manda@yahoo.com.ar', 'usuarios', [...], null, 'email')
 4 SYSTEMPATH\Validation\Validation.php(170): CodeIgniter\Validation\Validation->processRules('email', 'email', 'eze_manda@yahoo.com.ar', [...], [...])
 5 SYSTEMPATH\Controller.php(140): CodeIgniter\Validation\Validation->run()
 6 APPPATH\Controllers\Usuario_controller.php(21): CodeIgniter\Controller->validate([...])
 7 SYSTEMPATH\CodeIgniter.php(934): app\Controllers\Usuario_controller->formValidation()
 8 SYSTEMPATH\CodeIgniter.php(499): CodeIgniter\CodeIgniter->runController(Object(app\Controllers\Usuario_controller))
 9 SYSTEMPATH\CodeIgniter.php(368): CodeIgniter\CodeIgniter->handleRequest(null, Object(Config\Cache), false)
10 FCPATH\index.php(67): CodeIgniter\CodeIgniter->run()
