CRITICAL - 2024-06-04 13:13:40 --> Call to undefined function App\Controllers\contents()
in APPPATH\Controllers\Carrito_controller.php on line 14.
 1 SYSTEMPATH\CodeIgniter.php(906): App\Controllers\Carrito_controller->__construct()
 2 SYSTEMPATH\CodeIgniter.php(490): CodeIgniter\CodeIgniter->createController()
 3 SYSTEMPATH\CodeIgniter.php(368): CodeIgniter\CodeIgniter->handleRequest(null, Object(Config\Cache), false)
 4 FCPATH\index.php(67): CodeIgniter\CodeIgniter->run()
CRITICAL - 2024-06-04 13:39:06 --> syntax error, unexpected ';', expecting ')'
in APPPATH\Config\Routes.php on line 51.
 1 SYSTEMPATH\CodeIgniter.php(802): CodeIgniter\Router\RouteCollection->loadRoutes()
 2 SYSTEMPATH\CodeIgniter.php(449): CodeIgniter\CodeIgniter->tryToRouteIt(null)
 3 SYSTEMPATH\CodeIgniter.php(368): CodeIgniter\CodeIgniter->handleRequest(null, Object(Config\Cache), false)
 4 FCPATH\index.php(67): CodeIgniter\CodeIgniter->run()
CRITICAL - 2024-06-04 13:40:11 --> Invalid argument supplied for foreach()
in APPPATH\Views\carrito.php on line 19.
 1 APPPATH\Views\carrito.php(19): CodeIgniter\Debug\Exceptions->errorHandler(2, 'Invalid argument supplied for foreach()', 'APPPATH\\Views\\carrito.php', 19, [...])
 2 SYSTEMPATH\View\View.php(213): include('APPPATH\\Views\\carrito.php')
 3 SYSTEMPATH\View\View.php(216): CodeIgniter\View\View->CodeIgniter\View\{closure}()
 4 SYSTEMPATH\Common.php(1184): CodeIgniter\View\View->render('carrito.php', [], true)
 5 APPPATH\Controllers\Carrito_controller.php(60): view('carrito.php')
 6 SYSTEMPATH\CodeIgniter.php(934): App\Controllers\Carrito_controller->carrito_view()
 7 SYSTEMPATH\CodeIgniter.php(499): CodeIgniter\CodeIgniter->runController(Object(App\Controllers\Carrito_controller))
 8 SYSTEMPATH\CodeIgniter.php(368): CodeIgniter\CodeIgniter->handleRequest(null, Object(Config\Cache), false)
 9 FCPATH\index.php(67): CodeIgniter\CodeIgniter->run()
